"Riviera del Corallo" - Alghero
"Falconara" - Ancona
"Karol Wojtyla" - Bari
"Orio Al Serio" - Bergamo
"Guglielmo Marconi" - Bologna
"Gabriele D'Annunzio" - Brescia
"Casale" - Brindisi
"Elmas" - Cagliari
"Fontanarossa" - Catania
"Amerigo Vespucci" - Firenze
"Cristoforo Colombo" - Genova
"Lamezia" - Lamezia Terme
"Lampedusa" - Lampedusa
"Linate" - Milano 
"Malpensa" - Milano 
"Capodichino" - Napoli
"Costa Smeralda" - Olbia
"Falcone e Borsellino" - Palermo
"Abruzzo" - Pescara
"Galileo Galilei" - Pisa
"Federico Fellini" - Rimini
"G. B. Pastine" - Ciampino
"Leonardo da Vinci" - Fiumicino
"Caselle" - Torino
"Ronchi Dei Legionari" - Trieste
"Marco Polo" - Venezia
"Valerio Catullo" - Verona